Traceback (most recent call last):
  File "/opt/jupyterhub/lib/python3.10/site-packages/jupyter_cache/executors/utils.py", line 58, in single_nb_execution
    executenb(
  File "/opt/jupyterhub/lib/python3.10/site-packages/nbclient/client.py", line 1314, in execute
    return NotebookClient(nb=nb, resources=resources, km=km, **kwargs).execute()
  File "/opt/jupyterhub/lib/python3.10/site-packages/jupyter_core/utils/__init__.py", line 165, in wrapped
    return loop.run_until_complete(inner)
  File "/usr/lib/python3.10/asyncio/base_events.py", line 649, in run_until_complete
    return future.result()
  File "/opt/jupyterhub/lib/python3.10/site-packages/nbclient/client.py", line 709, in async_execute
    await self.async_execute_cell(
  File "/opt/jupyterhub/lib/python3.10/site-packages/nbclient/client.py", line 1062, in async_execute_cell
    await self._check_raise_for_error(cell, cell_index, exec_reply)
  File "/opt/jupyterhub/lib/python3.10/site-packages/nbclient/client.py", line 918, in _check_raise_for_error
    raise CellExecutionError.from_cell_and_msg(cell, exec_reply_content)
nbclient.exceptions.CellExecutionError: An error occurred while executing the following cell:
------------------
# TEST CASE
assert answer2 in ['A', 'B', 'C', 'D'], 'Answer must be one of: A, B, C, or D'
assert answer2 == 'C', 'Incorrect: The correct answer is C – the peak of a hydrograph indicates the maximum discharge.'
------------------


[0;31m---------------------------------------------------------------------------[0m
[0;31mAssertionError[0m                            Traceback (most recent call last)
Cell [0;32mIn[2], line 2[0m
[1;32m      1[0m [38;5;66;03m# TEST CASE[39;00m
[0;32m----> 2[0m [38;5;28;01massert[39;00m answer2 [38;5;129;01min[39;00m [[38;5;124m'[39m[38;5;124mA[39m[38;5;124m'[39m, [38;5;124m'[39m[38;5;124mB[39m[38;5;124m'[39m, [38;5;124m'[39m[38;5;124mC[39m[38;5;124m'[39m, [38;5;124m'[39m[38;5;124mD[39m[38;5;124m'[39m], [38;5;124m'[39m[38;5;124mAnswer must be one of: A, B, C, or D[39m[38;5;124m'[39m
[1;32m      3[0m [38;5;28;01massert[39;00m answer2 [38;5;241m==[39m [38;5;124m'[39m[38;5;124mC[39m[38;5;124m'[39m, [38;5;124m'[39m[38;5;124mIncorrect: The correct answer is C – the peak of a hydrograph indicates the maximum discharge.[39m[38;5;124m'[39m

[0;31mAssertionError[0m: Answer must be one of: A, B, C, or D

