Traceback (most recent call last):
  File "/opt/jupyterhub/lib/python3.8/site-packages/jupyter_cache/executors/utils.py", line 51, in single_nb_execution
    executenb(
  File "/opt/jupyterhub/lib/python3.8/site-packages/nbclient/client.py", line 1087, in execute
    return NotebookClient(nb=nb, resources=resources, km=km, **kwargs).execute()
  File "/opt/jupyterhub/lib/python3.8/site-packages/nbclient/util.py", line 74, in wrapped
    return just_run(coro(*args, **kwargs))
  File "/opt/jupyterhub/lib/python3.8/site-packages/nbclient/util.py", line 53, in just_run
    return loop.run_until_complete(coro)
  File "/usr/lib/python3.8/asyncio/base_events.py", line 616, in run_until_complete
    return future.result()
  File "/opt/jupyterhub/lib/python3.8/site-packages/nbclient/client.py", line 540, in async_execute
    await self.async_execute_cell(
  File "/opt/jupyterhub/lib/python3.8/site-packages/nbclient/client.py", line 832, in async_execute_cell
    self._check_raise_for_error(cell, exec_reply)
  File "/opt/jupyterhub/lib/python3.8/site-packages/nbclient/client.py", line 740, in _check_raise_for_error
    raise CellExecutionError.from_cell_and_msg(cell, exec_reply['content'])
nbclient.exceptions.CellExecutionError: An error occurred while executing the following cell:
------------------
# structural simulation need units for practical applications
import math
alpha = 1.0 #watershed discharge conversion constant
area = 10.0 #some area
pee = 1.0 #constant rain
qzero = 0 #zero initial discharge
hzero = 0 #zero initial storage
howmany = 1000
qnow = [0 for i in range(howmany)]
pnow = [0 for i in range(howmany)]
dsnow = [0 for i in range(howmany)]
time = [0 for i in range(howmany)]
deltat = 0.01 # time step value
dsnow[0]=math.inf # set first condition at infinty
for itime in range(1,howmany):
    time[itime] = deltat+time[itime-1]
    qnow[itime]=(area*pee*(1.0-math.exp(-time[itime]/alpha)))
    pnow[itime]=(area*pee)
    average_in=0.5*(pnow[itime]+pnow[itime-1])
    average_out=0.5*(qnow[itime]+qnow[itime-1])
    dsnow[itime]=((average_in-average_out))

import matplotlib.pyplot # the python plotting library
myfigure = matplotlib.pyplot.figure(figsize = (10,5)) # generate a object from the figure class, set aspect ratio

# Built the plot
matplotlib.pyplot.plot(time, qnow, color ='red') 
matplotlib.pyplot.plot(time, pnow, color ='blue') 
matplotlib.pyplot.plot(time, hnow, color ='green') 
matplotlib.pyplot.xlabel("Elapsed Time") 
matplotlib.pyplot.ylabel("Runoff or Rainfall in L^3/T") 
matplotlib.pyplot.title("Linear Reservoir Runoff Model \n"+"Area ="+str(area)+" alpha ="+str(alpha) )
matplotlib.pyplot.legend(["Discharge","Precipitation","Delta Storage"])
matplotlib.pyplot.show() 


------------------

[0;31m---------------------------------------------------------------------------[0m
[0;31mNameError[0m                                 Traceback (most recent call last)
[0;32m<ipython-input-1-a7c915c09215>[0m in [0;36m<module>[0;34m[0m
[1;32m     27[0m [0mmatplotlib[0m[0;34m.[0m[0mpyplot[0m[0;34m.[0m[0mplot[0m[0;34m([0m[0mtime[0m[0;34m,[0m [0mqnow[0m[0;34m,[0m [0mcolor[0m [0;34m=[0m[0;34m'red'[0m[0;34m)[0m[0;34m[0m[0;34m[0m[0m
[1;32m     28[0m [0mmatplotlib[0m[0;34m.[0m[0mpyplot[0m[0;34m.[0m[0mplot[0m[0;34m([0m[0mtime[0m[0;34m,[0m [0mpnow[0m[0;34m,[0m [0mcolor[0m [0;34m=[0m[0;34m'blue'[0m[0;34m)[0m[0;34m[0m[0;34m[0m[0m
[0;32m---> 29[0;31m [0mmatplotlib[0m[0;34m.[0m[0mpyplot[0m[0;34m.[0m[0mplot[0m[0;34m([0m[0mtime[0m[0;34m,[0m [0mhnow[0m[0;34m,[0m [0mcolor[0m [0;34m=[0m[0;34m'green'[0m[0;34m)[0m[0;34m[0m[0;34m[0m[0m
[0m[1;32m     30[0m [0mmatplotlib[0m[0;34m.[0m[0mpyplot[0m[0;34m.[0m[0mxlabel[0m[0;34m([0m[0;34m"Elapsed Time"[0m[0;34m)[0m[0;34m[0m[0;34m[0m[0m
[1;32m     31[0m [0mmatplotlib[0m[0;34m.[0m[0mpyplot[0m[0;34m.[0m[0mylabel[0m[0;34m([0m[0;34m"Runoff or Rainfall in L^3/T"[0m[0;34m)[0m[0;34m[0m[0;34m[0m[0m

[0;31mNameError[0m: name 'hnow' is not defined
NameError: name 'hnow' is not defined

